\BOOKMARK [1][-]{section*.2}{\376\377\000A\000b\000s\000t\000r\000a\000c\000t}{}% 1
\BOOKMARK [2][-]{section*.3}{\376\377\000A\000i\000m\000\040\000a\000n\000d\000\040\000R\000a\000t\000i\000o\000n\000a\000l\000e}{section*.2}% 2
\BOOKMARK [2][-]{section*.4}{\376\377\000P\000a\000r\000t\000i\000c\000i\000p\000a\000n\000t\000s\000\040\000a\000n\000d\000\040\000s\000e\000t\000t\000i\000n\000g}{section*.2}% 3
\BOOKMARK [2][-]{section*.5}{\376\377\000E\000x\000p\000e\000r\000i\000m\000e\000n\000t\000\040\000d\000e\000s\000i\000g\000n}{section*.2}% 4
\BOOKMARK [2][-]{section*.6}{\376\377\000R\000e\000s\000u\000l\000t\000s\000\040\000g\000a\000t\000h\000e\000r\000i\000n\000g}{section*.2}% 5
\BOOKMARK [2][-]{section*.7}{\376\377\000M\000a\000j\000o\000r\000\040\000f\000i\000n\000d\000i\000n\000g\000s}{section*.2}% 6
\BOOKMARK [2][-]{section*.8}{\376\377\000F\000i\000n\000d\000i\000n\000g\000s\000/\000I\000m\000p\000l\000i\000c\000a\000t\000i\000o\000n\000s}{section*.2}% 7
\BOOKMARK [1][-]{section*.9}{\376\377\000I\000n\000t\000r\000o\000d\000u\000c\000t\000i\000o\000n}{}% 8
\BOOKMARK [2][-]{section*.10}{\376\377\000T\000o\000p\000i\000c\000\040\000a\000n\000d\000\040\000c\000o\000n\000t\000e\000x\000t}{section*.9}% 9
\BOOKMARK [2][-]{section*.11}{\376\377\000R\000a\000t\000i\000o\000n\000a\000l\000e}{section*.9}% 10
\BOOKMARK [2][-]{section*.12}{\376\377\000H\000y\000p\000o\000t\000h\000e\000s\000i\000s}{section*.9}% 11
\BOOKMARK [1][-]{section*.13}{\376\377\000M\000e\000t\000h\000o\000d}{}% 12
\BOOKMARK [2][-]{section*.14}{\376\377\000P\000a\000r\000t\000i\000c\000i\000p\000a\000n\000t\000s}{section*.13}% 13
\BOOKMARK [2][-]{section*.15}{\376\377\000D\000e\000s\000i\000g\000n}{section*.13}% 14
\BOOKMARK [2][-]{section*.16}{\376\377\000M\000a\000t\000e\000r\000i\000a\000l\000s}{section*.13}% 15
\BOOKMARK [2][-]{section*.17}{\376\377\000P\000r\000o\000c\000e\000d\000u\000r\000e}{section*.13}% 16
\BOOKMARK [1][-]{section*.18}{\376\377\000R\000e\000s\000u\000l\000t\000s}{}% 17
\BOOKMARK [2][-]{section*.19}{\376\377\000G\000r\000a\000p\000h\000s}{section*.18}% 18
\BOOKMARK [2][-]{section*.20}{\376\377\000D\000e\000s\000c\000r\000i\000p\000t\000i\000v\000e\000\040\000s\000t\000a\000t\000i\000s\000t\000i\000c\000s}{section*.18}% 19
\BOOKMARK [2][-]{section*.21}{\376\377\000I\000n\000f\000e\000r\000e\000n\000t\000i\000a\000l\000\040\000s\000t\000a\000t\000i\000s\000t\000i\000c\000s}{section*.18}% 20
\BOOKMARK [2][-]{section*.22}{\376\377\000S\000t\000a\000t\000i\000s\000t\000i\000c\000a\000l\000\040\000t\000e\000s\000t\000s}{section*.18}% 21
\BOOKMARK [2][-]{section*.23}{\376\377\000C\000o\000n\000f\000i\000d\000e\000n\000c\000e\000\040\000I\000n\000t\000e\000r\000v\000a\000l\000s}{section*.18}% 22
\BOOKMARK [2][-]{section*.24}{\376\377\000M\000a\000g\000n\000i\000t\000u\000d\000e\000\040\000a\000n\000d\000\040\000d\000i\000r\000e\000c\000t\000i\000o\000n\000\040\000o\000f\000\040\000r\000e\000s\000u\000l\000t\000s}{section*.18}% 23
\BOOKMARK [1][-]{section*.25}{\376\377\000D\000i\000s\000c\000u\000s\000s\000i\000o\000n}{}% 24
\BOOKMARK [2][-]{section*.26}{\376\377\000O\000u\000t\000l\000i\000n\000e\000\040\000f\000i\000n\000d\000i\000n\000g\000s\000\040\000a\000n\000d\000\040\000r\000e\000l\000a\000t\000i\000o\000n\000\040\000t\000o\000\040\000t\000h\000e\000\040\000h\000y\000p\000o\000t\000h\000e\000s\000i\000s}{section*.25}% 25
\BOOKMARK [2][-]{section*.27}{\376\377\000L\000i\000m\000i\000t\000a\000t\000i\000o\000n\000s}{section*.25}% 26
\BOOKMARK [1][-]{section*.28}{\376\377\000R\000e\000f\000e\000r\000e\000n\000c\000e\000s}{}% 27
